{"/home/travis/build/npmtest/node-npmtest-youtube/test.js":{"path":"/home/travis/build/npmtest/node-npmtest-youtube/test.js","s":{"1":2,"2":2,"3":2,"4":2,"5":2,"6":2,"7":2,"8":1,"9":2,"10":2,"11":1,"12":1,"13":1,"14":1,"15":2,"16":2,"17":2,"18":2,"19":1,"20":1,"21":2,"22":2,"23":2,"24":1,"25":1,"26":1,"27":1,"28":1,"29":1,"30":1,"31":1,"32":1,"33":1,"34":1,"35":1,"36":1,"37":1,"38":1,"39":2,"40":2,"41":1,"42":2,"43":2,"44":1,"45":2,"46":2,"47":1,"48":2,"49":2,"50":1,"51":1,"52":1,"53":1,"54":1},"b":{"1":[2,1,1,1],"2":[1,1,1,1],"3":[1,1],"4":[1,1],"5":[1,1],"6":[1,1],"7":[1,1],"8":[1,1],"9":[1,1],"10":[1,1,1],"11":[1,1],"12":[1,1],"13":[1,1],"14":[1,1],"15":[1,1],"16":[1,1],"17":[1,1]},"f":{"1":2,"2":2,"3":2,"4":2,"5":2,"6":1,"7":1,"8":1,"9":2,"10":2,"11":2,"12":2,"13":1},"fnMap":{"1":{"name":"(anonymous_1)","line":12,"loc":{"start":{"line":12,"column":1},"end":{"line":12,"column":13}}},"2":{"name":"(anonymous_2)","line":19,"loc":{"start":{"line":19,"column":5},"end":{"line":19,"column":17}}},"3":{"name":"(anonymous_3)","line":23,"loc":{"start":{"line":23,"column":24},"end":{"line":23,"column":36}}},"4":{"name":"(anonymous_4)","line":61,"loc":{"start":{"line":61,"column":5},"end":{"line":61,"column":17}}},"5":{"name":"(anonymous_5)","line":82,"loc":{"start":{"line":82,"column":5},"end":{"line":82,"column":17}}},"6":{"name":"(anonymous_6)","line":91,"loc":{"start":{"line":91,"column":77},"end":{"line":94,"column":10}}},"7":{"name":"(anonymous_7)","line":112,"loc":{"start":{"line":112,"column":83},"end":{"line":115,"column":10}},"skip":true},"8":{"name":"(anonymous_8)","line":123,"loc":{"start":{"line":123,"column":77},"end":{"line":126,"column":10}},"skip":true},"9":{"name":"(anonymous_9)","line":139,"loc":{"start":{"line":139,"column":12},"end":{"line":139,"column":40}},"skip":true},"10":{"name":"(anonymous_10)","line":147,"loc":{"start":{"line":147,"column":77},"end":{"line":150,"column":10}},"skip":true},"11":{"name":"(anonymous_11)","line":158,"loc":{"start":{"line":158,"column":83},"end":{"line":161,"column":10}},"skip":true},"12":{"name":"(anonymous_12)","line":169,"loc":{"start":{"line":169,"column":79},"end":{"line":172,"column":10}},"skip":true},"13":{"name":"(anonymous_13)","line":180,"loc":{"start":{"line":180,"column":75},"end":{"line":183,"column":10}},"skip":true}},"statementMap":{"1":{"start":{"line":12,"column":0},"end":{"line":195,"column":5}},"2":{"start":{"line":14,"column":4},"end":{"line":14,"column":14}},"3":{"start":{"line":19,"column":4},"end":{"line":56,"column":9}},"4":{"start":{"line":21,"column":8},"end":{"line":21,"column":19}},"5":{"start":{"line":23,"column":8},"end":{"line":35,"column":13}},"6":{"start":{"line":24,"column":12},"end":{"line":34,"column":13}},"7":{"start":{"line":25,"column":16},"end":{"line":28,"column":30}},"8":{"start":{"line":30,"column":16},"end":{"line":33,"column":27}},"9":{"start":{"line":37,"column":8},"end":{"line":39,"column":21}},"10":{"start":{"line":40,"column":8},"end":{"line":53,"column":9}},"11":{"start":{"line":43,"column":12},"end":{"line":46,"column":14}},"12":{"start":{"line":47,"column":12},"end":{"line":47,"column":18}},"13":{"start":{"line":50,"column":12},"end":{"line":51,"column":33}},"14":{"start":{"line":52,"column":12},"end":{"line":52,"column":18}},"15":{"start":{"line":55,"column":8},"end":{"line":55,"column":35}},"16":{"start":{"line":61,"column":4},"end":{"line":63,"column":9}},"17":{"start":{"line":62,"column":8},"end":{"line":62,"column":15}},"18":{"start":{"line":64,"column":4},"end":{"line":77,"column":5}},"19":{"start":{"line":70,"column":8},"end":{"line":70,"column":14}},"20":{"start":{"line":76,"column":8},"end":{"line":76,"column":14}},"21":{"start":{"line":82,"column":4},"end":{"line":84,"column":9}},"22":{"start":{"line":83,"column":8},"end":{"line":83,"column":15}},"23":{"start":{"line":85,"column":4},"end":{"line":194,"column":5}},"24":{"start":{"line":91,"column":8},"end":{"line":99,"column":10}},"25":{"start":{"line":98,"column":12},"end":{"line":98,"column":35}},"26":{"start":{"line":102,"column":8},"end":{"line":104,"column":63}},"27":{"start":{"line":105,"column":8},"end":{"line":105,"column":14}},"28":{"start":{"line":112,"column":8},"end":{"line":121,"column":10},"skip":true},"29":{"start":{"line":119,"column":12},"end":{"line":119,"column":55},"skip":true},"30":{"start":{"line":120,"column":12},"end":{"line":120,"column":48},"skip":true},"31":{"start":{"line":123,"column":8},"end":{"line":136,"column":10},"skip":true},"32":{"start":{"line":130,"column":12},"end":{"line":130,"column":76},"skip":true},"33":{"start":{"line":131,"column":12},"end":{"line":131,"column":73},"skip":true},"34":{"start":{"line":132,"column":12},"end":{"line":132,"column":74},"skip":true},"35":{"start":{"line":133,"column":12},"end":{"line":133,"column":79},"skip":true},"36":{"start":{"line":134,"column":12},"end":{"line":134,"column":25},"skip":true},"37":{"start":{"line":135,"column":12},"end":{"line":135,"column":45},"skip":true},"38":{"start":{"line":138,"column":8},"end":{"line":145,"column":14},"skip":true},"39":{"start":{"line":143,"column":16},"end":{"line":143,"column":29},"skip":true},"40":{"start":{"line":144,"column":16},"end":{"line":144,"column":55},"skip":true},"41":{"start":{"line":147,"column":8},"end":{"line":156,"column":10},"skip":true},"42":{"start":{"line":154,"column":12},"end":{"line":154,"column":25},"skip":true},"43":{"start":{"line":155,"column":12},"end":{"line":155,"column":45},"skip":true},"44":{"start":{"line":158,"column":8},"end":{"line":167,"column":10},"skip":true},"45":{"start":{"line":165,"column":12},"end":{"line":165,"column":25},"skip":true},"46":{"start":{"line":166,"column":12},"end":{"line":166,"column":48},"skip":true},"47":{"start":{"line":169,"column":8},"end":{"line":178,"column":10},"skip":true},"48":{"start":{"line":176,"column":12},"end":{"line":176,"column":25},"skip":true},"49":{"start":{"line":177,"column":12},"end":{"line":177,"column":46},"skip":true},"50":{"start":{"line":180,"column":8},"end":{"line":189,"column":10},"skip":true},"51":{"start":{"line":187,"column":12},"end":{"line":187,"column":94},"skip":true},"52":{"start":{"line":188,"column":12},"end":{"line":188,"column":48},"skip":true},"53":{"start":{"line":192,"column":8},"end":{"line":192,"column":35},"skip":true},"54":{"start":{"line":193,"column":8},"end":{"line":193,"column":14},"skip":true}},"branchMap":{"1":{"line":25,"type":"binary-expr","locations":[{"start":{"line":25,"column":23},"end":{"line":25,"column":62}},{"start":{"line":26,"column":20},"end":{"line":26,"column":70}},{"start":{"line":27,"column":20},"end":{"line":27,"column":71}},{"start":{"line":28,"column":20},"end":{"line":28,"column":29}}]},"2":{"line":30,"type":"binary-expr","locations":[{"start":{"line":30,"column":23},"end":{"line":30,"column":37}},{"start":{"line":31,"column":20},"end":{"line":31,"column":61}},{"start":{"line":32,"column":20},"end":{"line":32,"column":70}},{"start":{"line":33,"column":20},"end":{"line":33,"column":26}}]},"3":{"line":37,"type":"cond-expr","locations":[{"start":{"line":38,"column":14},"end":{"line":38,"column":20}},{"start":{"line":39,"column":14},"end":{"line":39,"column":20}}]},"4":{"line":40,"type":"switch","locations":[{"start":{"line":42,"column":8},"end":{"line":47,"column":18}},{"start":{"line":49,"column":8},"end":{"line":52,"column":18}}]},"5":{"line":44,"type":"binary-expr","locations":[{"start":{"line":44,"column":16},"end":{"line":44,"column":44}},{"start":{"line":44,"column":48},"end":{"line":44,"column":66}}]},"6":{"line":50,"type":"binary-expr","locations":[{"start":{"line":50,"column":21},"end":{"line":50,"column":49}},{"start":{"line":50,"column":53},"end":{"line":50,"column":72}}]},"7":{"line":64,"type":"switch","locations":[{"start":{"line":69,"column":4},"end":{"line":70,"column":14}},{"start":{"line":75,"column":4},"end":{"line":76,"column":14}}]},"8":{"line":85,"type":"switch","locations":[{"start":{"line":90,"column":4},"end":{"line":105,"column":14}},{"start":{"line":111,"column":4},"end":{"line":193,"column":14},"skip":true}]},"9":{"line":91,"type":"binary-expr","locations":[{"start":{"line":91,"column":42},"end":{"line":91,"column":73}},{"start":{"line":91,"column":77},"end":{"line":99,"column":9}}]},"10":{"line":102,"type":"binary-expr","locations":[{"start":{"line":102,"column":18},"end":{"line":102,"column":32}},{"start":{"line":103,"column":12},"end":{"line":103,"column":53}},{"start":{"line":104,"column":12},"end":{"line":104,"column":61}}]},"11":{"line":112,"type":"binary-expr","locations":[{"start":{"line":112,"column":45},"end":{"line":112,"column":79},"skip":true},{"start":{"line":112,"column":83},"end":{"line":121,"column":9},"skip":true}]},"12":{"line":123,"type":"binary-expr","locations":[{"start":{"line":123,"column":42},"end":{"line":123,"column":73},"skip":true},{"start":{"line":123,"column":77},"end":{"line":136,"column":9},"skip":true}]},"13":{"line":138,"type":"binary-expr","locations":[{"start":{"line":138,"column":48},"end":{"line":138,"column":85},"skip":true},{"start":{"line":139,"column":12},"end":{"line":145,"column":13},"skip":true}]},"14":{"line":147,"type":"binary-expr","locations":[{"start":{"line":147,"column":42},"end":{"line":147,"column":73},"skip":true},{"start":{"line":147,"column":77},"end":{"line":156,"column":9},"skip":true}]},"15":{"line":158,"type":"binary-expr","locations":[{"start":{"line":158,"column":45},"end":{"line":158,"column":79},"skip":true},{"start":{"line":158,"column":83},"end":{"line":167,"column":9},"skip":true}]},"16":{"line":169,"type":"binary-expr","locations":[{"start":{"line":169,"column":43},"end":{"line":169,"column":75},"skip":true},{"start":{"line":169,"column":79},"end":{"line":178,"column":9},"skip":true}]},"17":{"line":180,"type":"binary-expr","locations":[{"start":{"line":180,"column":41},"end":{"line":180,"column":71},"skip":true},{"start":{"line":180,"column":75},"end":{"line":189,"column":9},"skip":true}]}},"code":["/* istanbul instrument in package npmtest_youtube */","/*jslint","    bitwise: true,","    browser: true,","    maxerr: 8,","    maxlen: 96,","    node: true,","    nomen: true,","    regexp: true,","    stupid: true","*/","(function () {","    'use strict';","    var local;","","","","    // run shared js-env code - pre-init","    (function () {","        // init local","        local = {};","        // init modeJs","        local.modeJs = (function () {","            try {","                return typeof navigator.userAgent === 'string' &&","                    typeof document.querySelector('body') === 'object' &&","                    typeof XMLHttpRequest.prototype.open === 'function' &&","                    'browser';","            } catch (errorCaughtBrowser) {","                return module.exports &&","                    typeof process.versions.node === 'string' &&","                    typeof require('http').createServer === 'function' &&","                    'node';","            }","        }());","        // init global","        local.global = local.modeJs === 'browser'","            ? window","            : global;","        switch (local.modeJs) {","        // re-init local from window.local","        case 'browser':","            local = local.global.utility2.objectSetDefault(","                local.global.utility2_rollup || local.global.local,","                local.global.utility2","            );","            break;","        // re-init local from example.js","        case 'node':","            local = (local.global.utility2_rollup || require('utility2'))","                .requireReadme();","            break;","        }","        // export local","        local.global.local = local;","    }());","","","","    // run shared js-env code - function","    (function () {","        return;","    }());","    switch (local.modeJs) {","","","","    // run browser js-env code - function","    case 'browser':","        break;","","","","    // run node js-env code - function","    case 'node':","        break;","    }","","","","    // run shared js-env code - post-init","    (function () {","        return;","    }());","    switch (local.modeJs) {","","","","    // run browser js-env code - post-init","    case 'browser':","        local.testCase_browser_nullCase = local.testCase_browser_nullCase || function (","            options,","            onError","        ) {","        /*","         * this function will test browsers's null-case handling-behavior-behavior","         */","            onError(null, options);","        };","","        // run tests","        local.nop(local.modeTest &&","            document.querySelector('#testRunButton1') &&","            document.querySelector('#testRunButton1').click());","        break;","","","","    // run node js-env code - post-init","    /* istanbul ignore next */","    case 'node':","        local.testCase_buildApidoc_default = local.testCase_buildApidoc_default || function (","            options,","            onError","        ) {","        /*","         * this function will test buildApidoc's default handling-behavior-behavior","         */","            options = { modulePathList: module.paths };","            local.buildApidoc(options, onError);","        };","","        local.testCase_buildApp_default = local.testCase_buildApp_default || function (","            options,","            onError","        ) {","        /*","         * this function will test buildApp's default handling-behavior-behavior","         */","            local.testCase_buildReadme_default(options, local.onErrorThrow);","            local.testCase_buildLib_default(options, local.onErrorThrow);","            local.testCase_buildTest_default(options, local.onErrorThrow);","            local.testCase_buildCustomOrg_default(options, local.onErrorThrow);","            options = [];","            local.buildApp(options, onError);","        };","","        local.testCase_buildCustomOrg_default = local.testCase_buildCustomOrg_default ||","            function (options, onError) {","            /*","             * this function will test buildCustomOrg's default handling-behavior","             */","                options = {};","                local.buildCustomOrg(options, onError);","            };","","        local.testCase_buildLib_default = local.testCase_buildLib_default || function (","            options,","            onError","        ) {","        /*","         * this function will test buildLib's default handling-behavior","         */","            options = {};","            local.buildLib(options, onError);","        };","","        local.testCase_buildReadme_default = local.testCase_buildReadme_default || function (","            options,","            onError","        ) {","        /*","         * this function will test buildReadme's default handling-behavior-behavior","         */","            options = {};","            local.buildReadme(options, onError);","        };","","        local.testCase_buildTest_default = local.testCase_buildTest_default || function (","            options,","            onError","        ) {","        /*","         * this function will test buildTest's default handling-behavior","         */","            options = {};","            local.buildTest(options, onError);","        };","","        local.testCase_webpage_default = local.testCase_webpage_default || function (","            options,","            onError","        ) {","        /*","         * this function will test webpage's default handling-behavior","         */","            options = { modeCoverageMerge: true, url: local.serverLocalHost + '?modeTest=1' };","            local.browserTest(options, onError);","        };","","        // run test-server","        local.testRunServer(local);","        break;","    }","}());",""],"l":{"12":2,"14":2,"19":2,"21":2,"23":2,"24":2,"25":2,"30":1,"37":2,"40":2,"43":1,"47":1,"50":1,"52":1,"55":2,"61":2,"62":2,"64":2,"70":1,"76":1,"82":2,"83":2,"85":2,"91":1,"98":1,"102":1,"105":1,"112":1,"119":1,"120":1,"123":1,"130":1,"131":1,"132":1,"133":1,"134":1,"135":1,"138":1,"143":2,"144":2,"147":1,"154":2,"155":2,"158":1,"165":2,"166":2,"169":1,"176":2,"177":2,"180":1,"187":1,"188":1,"192":1,"193":1}},"/home/travis/build/npmtest/node-npmtest-youtube/lib.npmtest_youtube.js":{"path":"/home/travis/build/npmtest/node-npmtest-youtube/lib.npmtest_youtube.js","s":{"1":2,"2":2,"3":2,"4":2,"5":2,"6":2,"7":2,"8":1,"9":2,"10":2,"11":2,"12":2,"13":1,"14":1,"15":1,"16":1},"b":{"1":[2,1,1,1],"2":[1,1,1,1],"3":[1,1],"4":[2,2],"5":[1,1]},"f":{"1":2,"2":2,"3":2},"fnMap":{"1":{"name":"(anonymous_1)","line":12,"loc":{"start":{"line":12,"column":1},"end":{"line":12,"column":13}}},"2":{"name":"(anonymous_2)","line":19,"loc":{"start":{"line":19,"column":5},"end":{"line":19,"column":17}}},"3":{"name":"(anonymous_3)","line":23,"loc":{"start":{"line":23,"column":24},"end":{"line":23,"column":36}}}},"statementMap":{"1":{"start":{"line":12,"column":0},"end":{"line":53,"column":5}},"2":{"start":{"line":14,"column":4},"end":{"line":14,"column":14}},"3":{"start":{"line":19,"column":4},"end":{"line":52,"column":9}},"4":{"start":{"line":21,"column":8},"end":{"line":21,"column":19}},"5":{"start":{"line":23,"column":8},"end":{"line":35,"column":13}},"6":{"start":{"line":24,"column":12},"end":{"line":34,"column":13}},"7":{"start":{"line":25,"column":16},"end":{"line":28,"column":30}},"8":{"start":{"line":30,"column":16},"end":{"line":33,"column":27}},"9":{"start":{"line":37,"column":8},"end":{"line":39,"column":21}},"10":{"start":{"line":41,"column":8},"end":{"line":41,"column":54}},"11":{"start":{"line":43,"column":8},"end":{"line":43,"column":52}},"12":{"start":{"line":45,"column":8},"end":{"line":51,"column":9}},"13":{"start":{"line":46,"column":12},"end":{"line":46,"column":58}},"14":{"start":{"line":48,"column":12},"end":{"line":48,"column":35}},"15":{"start":{"line":49,"column":12},"end":{"line":49,"column":49}},"16":{"start":{"line":50,"column":12},"end":{"line":50,"column":43}}},"branchMap":{"1":{"line":25,"type":"binary-expr","locations":[{"start":{"line":25,"column":23},"end":{"line":25,"column":62}},{"start":{"line":26,"column":20},"end":{"line":26,"column":70}},{"start":{"line":27,"column":20},"end":{"line":27,"column":71}},{"start":{"line":28,"column":20},"end":{"line":28,"column":29}}]},"2":{"line":30,"type":"binary-expr","locations":[{"start":{"line":30,"column":23},"end":{"line":30,"column":37}},{"start":{"line":31,"column":20},"end":{"line":31,"column":61}},{"start":{"line":32,"column":20},"end":{"line":32,"column":70}},{"start":{"line":33,"column":20},"end":{"line":33,"column":26}}]},"3":{"line":37,"type":"cond-expr","locations":[{"start":{"line":38,"column":14},"end":{"line":38,"column":20}},{"start":{"line":39,"column":14},"end":{"line":39,"column":20}}]},"4":{"line":41,"type":"binary-expr","locations":[{"start":{"line":41,"column":16},"end":{"line":41,"column":44}},{"start":{"line":41,"column":48},"end":{"line":41,"column":53}}]},"5":{"line":45,"type":"if","locations":[{"start":{"line":45,"column":8},"end":{"line":45,"column":8}},{"start":{"line":45,"column":8},"end":{"line":45,"column":8}}]}},"code":["/* istanbul instrument in package npmtest_youtube */","/*jslint","    bitwise: true,","    browser: true,","    maxerr: 8,","    maxlen: 96,","    node: true,","    nomen: true,","    regexp: true,","    stupid: true","*/","(function () {","    'use strict';","    var local;","","","","    // run shared js-env code - pre-init","    (function () {","        // init local","        local = {};","        // init modeJs","        local.modeJs = (function () {","            try {","                return typeof navigator.userAgent === 'string' &&","                    typeof document.querySelector('body') === 'object' &&","                    typeof XMLHttpRequest.prototype.open === 'function' &&","                    'browser';","            } catch (errorCaughtBrowser) {","                return module.exports &&","                    typeof process.versions.node === 'string' &&","                    typeof require('http').createServer === 'function' &&","                    'node';","            }","        }());","        // init global","        local.global = local.modeJs === 'browser'","            ? window","            : global;","        // init utility2_rollup","        local = local.global.utility2_rollup || local;","        // init lib","        local.local = local.npmtest_youtube = local;","        // init exports","        if (local.modeJs === 'browser') {","            local.global.utility2_npmtest_youtube = local;","        } else {","            module.exports = local;","            module.exports.__dirname = __dirname;","            module.exports.module = module;","        }","    }());","}());",""],"l":{"12":2,"14":2,"19":2,"21":2,"23":2,"24":2,"25":2,"30":1,"37":2,"41":2,"43":2,"45":2,"46":1,"48":1,"49":1,"50":1}},"/home/travis/build/npmtest/node-npmtest-youtube/example.js":{"path":"/home/travis/build/npmtest/node-npmtest-youtube/example.js","s":{"1":2,"2":2,"3":2,"4":2,"5":2,"6":2,"7":2,"8":1,"9":2,"10":2,"11":2,"12":2,"13":1,"14":2,"15":2,"16":2,"17":2,"18":2,"19":0,"20":2,"21":1,"22":1,"23":1,"24":1,"25":1,"26":0,"27":0,"28":1,"29":1,"30":2,"31":0,"32":0,"33":0,"34":1,"35":2,"36":2,"37":3,"38":3,"39":3,"40":3,"41":0,"42":3,"43":3,"44":3,"45":1,"46":3,"47":1,"48":1,"49":1,"50":1,"51":1,"52":1,"53":1,"54":1,"55":1,"56":1,"57":0,"58":1,"59":6,"60":6,"61":1,"62":2,"63":0,"64":2,"65":1,"66":1,"67":0,"68":0,"69":0,"70":0,"71":0,"72":0,"73":0,"74":0,"75":0,"76":0,"77":0,"78":0,"79":0,"80":0,"81":0,"82":0,"83":0},"b":{"1":[2,1,1,1],"2":[1,1,1,1],"3":[1,1],"4":[2,2],"5":[1,1],"6":[1,1],"7":[2,0],"8":[2,1,1,1,1,1],"9":[0,2,0],"10":[1,1],"11":[2,1,1],"12":[1,0],"13":[0,2],"14":[2,0,0,0,0,0,0],"15":[0,3],"16":[3,0],"17":[1,1],"18":[0,1],"19":[1,2,0,2],"20":[1,0],"21":[1,1],"22":[0,0],"23":[0,0],"24":[0,0],"25":[0,0],"26":[0,0],"27":[0,0],"28":[0,0]},"f":{"1":2,"2":2,"3":2,"4":2,"5":2,"6":2,"7":3,"8":3,"9":3,"10":1,"11":6,"12":0},"fnMap":{"1":{"name":"(anonymous_1)","line":26,"loc":{"start":{"line":26,"column":1},"end":{"line":26,"column":13}}},"2":{"name":"(anonymous_2)","line":33,"loc":{"start":{"line":33,"column":5},"end":{"line":33,"column":17}}},"3":{"name":"(anonymous_3)","line":37,"loc":{"start":{"line":37,"column":24},"end":{"line":37,"column":36}}},"4":{"name":"(anonymous_4)","line":69,"loc":{"start":{"line":69,"column":31},"end":{"line":69,"column":48}},"skip":true},"5":{"name":"(anonymous_5)","line":78,"loc":{"start":{"line":78,"column":26},"end":{"line":78,"column":45}},"skip":true},"6":{"name":"(anonymous_6)","line":123,"loc":{"start":{"line":123,"column":33},"end":{"line":123,"column":48}},"skip":true},"7":{"name":"(anonymous_7)","line":125,"loc":{"start":{"line":125,"column":27},"end":{"line":125,"column":39}},"skip":true},"8":{"name":"(anonymous_8)","line":133,"loc":{"start":{"line":133,"column":59},"end":{"line":133,"column":74}},"skip":true},"9":{"name":"(anonymous_9)","line":143,"loc":{"start":{"line":143,"column":45},"end":{"line":143,"column":62}},"skip":true},"10":{"name":"(anonymous_10)","line":144,"loc":{"start":{"line":144,"column":73},"end":{"line":144,"column":92}},"skip":true},"11":{"name":"(anonymous_11)","line":272,"loc":{"start":{"line":272,"column":51},"end":{"line":272,"column":77}},"skip":true},"12":{"name":"(anonymous_12)","line":315,"loc":{"start":{"line":315,"column":32},"end":{"line":315,"column":61}},"skip":true}},"statementMap":{"1":{"start":{"line":26,"column":0},"end":{"line":326,"column":5}},"2":{"start":{"line":28,"column":4},"end":{"line":28,"column":14}},"3":{"start":{"line":33,"column":4},"end":{"line":60,"column":9}},"4":{"start":{"line":35,"column":8},"end":{"line":35,"column":19}},"5":{"start":{"line":37,"column":8},"end":{"line":49,"column":13}},"6":{"start":{"line":38,"column":12},"end":{"line":48,"column":13}},"7":{"start":{"line":39,"column":16},"end":{"line":42,"column":30}},"8":{"start":{"line":44,"column":16},"end":{"line":47,"column":27}},"9":{"start":{"line":51,"column":8},"end":{"line":53,"column":21}},"10":{"start":{"line":55,"column":8},"end":{"line":57,"column":45}},"11":{"start":{"line":59,"column":8},"end":{"line":59,"column":35}},"12":{"start":{"line":61,"column":4},"end":{"line":325,"column":5}},"13":{"start":{"line":69,"column":8},"end":{"line":121,"column":10},"skip":true},"14":{"start":{"line":70,"column":12},"end":{"line":88,"column":13},"skip":true},"15":{"start":{"line":76,"column":16},"end":{"line":87,"column":19},"skip":true},"16":{"start":{"line":79,"column":20},"end":{"line":86,"column":21},"skip":true},"17":{"start":{"line":82,"column":24},"end":{"line":82,"column":43},"skip":true},"18":{"start":{"line":83,"column":24},"end":{"line":83,"column":30},"skip":true},"19":{"start":{"line":85,"column":24},"end":{"line":85,"column":49},"skip":true},"20":{"start":{"line":89,"column":12},"end":{"line":107,"column":13},"skip":true},"21":{"start":{"line":92,"column":16},"end":{"line":102,"column":17},"skip":true},"22":{"start":{"line":93,"column":20},"end":{"line":93,"column":86},"skip":true},"23":{"start":{"line":94,"column":20},"end":{"line":95,"column":45},"skip":true},"24":{"start":{"line":96,"column":20},"end":{"line":96,"column":42},"skip":true},"25":{"start":{"line":97,"column":20},"end":{"line":97,"column":48},"skip":true},"26":{"start":{"line":100,"column":20},"end":{"line":100,"column":85},"skip":true},"27":{"start":{"line":101,"column":20},"end":{"line":101,"column":96},"skip":true},"28":{"start":{"line":103,"column":16},"end":{"line":103,"column":22},"skip":true},"29":{"start":{"line":106,"column":16},"end":{"line":106,"column":22},"skip":true},"30":{"start":{"line":108,"column":12},"end":{"line":120,"column":13},"skip":true},"31":{"start":{"line":114,"column":16},"end":{"line":119,"column":17},"skip":true},"32":{"start":{"line":116,"column":20},"end":{"line":116,"column":78},"skip":true},"33":{"start":{"line":118,"column":20},"end":{"line":118,"column":47},"skip":true},"34":{"start":{"line":123,"column":8},"end":{"line":141,"column":11},"skip":true},"35":{"start":{"line":124,"column":12},"end":{"line":124,"column":54},"skip":true},"36":{"start":{"line":125,"column":12},"end":{"line":140,"column":14},"skip":true},"37":{"start":{"line":126,"column":16},"end":{"line":126,"column":28},"skip":true},"38":{"start":{"line":127,"column":16},"end":{"line":127,"column":69},"skip":true},"39":{"start":{"line":128,"column":16},"end":{"line":128,"column":75},"skip":true},"40":{"start":{"line":129,"column":16},"end":{"line":131,"column":17},"skip":true},"41":{"start":{"line":130,"column":20},"end":{"line":130,"column":27},"skip":true},"42":{"start":{"line":133,"column":16},"end":{"line":137,"column":36},"skip":true},"43":{"start":{"line":134,"column":20},"end":{"line":136,"column":55},"skip":true},"44":{"start":{"line":139,"column":16},"end":{"line":139,"column":57},"skip":true},"45":{"start":{"line":143,"column":8},"end":{"line":147,"column":11},"skip":true},"46":{"start":{"line":144,"column":12},"end":{"line":146,"column":15},"skip":true},"47":{"start":{"line":145,"column":16},"end":{"line":145,"column":70},"skip":true},"48":{"start":{"line":149,"column":8},"end":{"line":149,"column":31},"skip":true},"49":{"start":{"line":150,"column":8},"end":{"line":150,"column":14},"skip":true},"50":{"start":{"line":158,"column":8},"end":{"line":158,"column":31},"skip":true},"51":{"start":{"line":160,"column":8},"end":{"line":160,"column":33},"skip":true},"52":{"start":{"line":161,"column":8},"end":{"line":161,"column":37},"skip":true},"53":{"start":{"line":162,"column":8},"end":{"line":162,"column":35},"skip":true},"54":{"start":{"line":164,"column":8},"end":{"line":164,"column":50},"skip":true},"55":{"start":{"line":166,"column":8},"end":{"line":256,"column":2},"skip":true},"56":{"start":{"line":258,"column":8},"end":{"line":286,"column":9},"skip":true},"57":{"start":{"line":259,"column":12},"end":{"line":269,"column":14},"skip":true},"58":{"start":{"line":271,"column":12},"end":{"line":285,"column":19},"skip":true},"59":{"start":{"line":274,"column":20},"end":{"line":274,"column":35},"skip":true},"60":{"start":{"line":275,"column":20},"end":{"line":284,"column":21},"skip":true},"61":{"start":{"line":277,"column":24},"end":{"line":277,"column":64},"skip":true},"62":{"start":{"line":279,"column":24},"end":{"line":279,"column":40},"skip":true},"63":{"start":{"line":281,"column":24},"end":{"line":281,"column":40},"skip":true},"64":{"start":{"line":283,"column":24},"end":{"line":283,"column":39},"skip":true},"65":{"start":{"line":288,"column":8},"end":{"line":290,"column":9},"skip":true},"66":{"start":{"line":289,"column":12},"end":{"line":289,"column":18},"skip":true},"67":{"start":{"line":291,"column":8},"end":{"line":293,"column":54},"skip":true},"68":{"start":{"line":296,"column":8},"end":{"line":301,"column":37},"skip":true},"69":{"start":{"line":303,"column":8},"end":{"line":303,"column":82},"skip":true},"70":{"start":{"line":306,"column":8},"end":{"line":308,"column":9},"skip":true},"71":{"start":{"line":307,"column":12},"end":{"line":307,"column":82},"skip":true},"72":{"start":{"line":310,"column":8},"end":{"line":312,"column":9},"skip":true},"73":{"start":{"line":311,"column":12},"end":{"line":311,"column":18},"skip":true},"74":{"start":{"line":313,"column":8},"end":{"line":313,"column":54},"skip":true},"75":{"start":{"line":314,"column":8},"end":{"line":314,"column":69},"skip":true},"76":{"start":{"line":315,"column":8},"end":{"line":323,"column":36},"skip":true},"77":{"start":{"line":316,"column":12},"end":{"line":316,"column":61},"skip":true},"78":{"start":{"line":317,"column":12},"end":{"line":320,"column":13},"skip":true},"79":{"start":{"line":318,"column":16},"end":{"line":318,"column":75},"skip":true},"80":{"start":{"line":319,"column":16},"end":{"line":319,"column":23},"skip":true},"81":{"start":{"line":321,"column":12},"end":{"line":321,"column":38},"skip":true},"82":{"start":{"line":322,"column":12},"end":{"line":322,"column":27},"skip":true},"83":{"start":{"line":324,"column":8},"end":{"line":324,"column":14},"skip":true}},"branchMap":{"1":{"line":39,"type":"binary-expr","locations":[{"start":{"line":39,"column":23},"end":{"line":39,"column":62}},{"start":{"line":40,"column":20},"end":{"line":40,"column":70}},{"start":{"line":41,"column":20},"end":{"line":41,"column":71}},{"start":{"line":42,"column":20},"end":{"line":42,"column":29}}]},"2":{"line":44,"type":"binary-expr","locations":[{"start":{"line":44,"column":23},"end":{"line":44,"column":37}},{"start":{"line":45,"column":20},"end":{"line":45,"column":61}},{"start":{"line":46,"column":20},"end":{"line":46,"column":70}},{"start":{"line":47,"column":20},"end":{"line":47,"column":26}}]},"3":{"line":51,"type":"cond-expr","locations":[{"start":{"line":52,"column":14},"end":{"line":52,"column":20}},{"start":{"line":53,"column":14},"end":{"line":53,"column":20}}]},"4":{"line":55,"type":"binary-expr","locations":[{"start":{"line":55,"column":16},"end":{"line":55,"column":44}},{"start":{"line":55,"column":49},"end":{"line":57,"column":43}}]},"5":{"line":55,"type":"cond-expr","locations":[{"start":{"line":56,"column":14},"end":{"line":56,"column":51}},{"start":{"line":57,"column":14},"end":{"line":57,"column":43}}]},"6":{"line":61,"type":"switch","locations":[{"start":{"line":68,"column":4},"end":{"line":150,"column":14},"skip":true},{"start":{"line":156,"column":4},"end":{"line":324,"column":14},"skip":true}]},"7":{"line":70,"type":"if","locations":[{"start":{"line":70,"column":12},"end":{"line":70,"column":12},"skip":true},{"start":{"line":70,"column":12},"end":{"line":70,"column":12},"skip":true}]},"8":{"line":70,"type":"binary-expr","locations":[{"start":{"line":70,"column":16},"end":{"line":70,"column":22},"skip":true},{"start":{"line":70,"column":27},"end":{"line":70,"column":32},"skip":true},{"start":{"line":71,"column":20},"end":{"line":71,"column":39},"skip":true},{"start":{"line":72,"column":20},"end":{"line":72,"column":49},"skip":true},{"start":{"line":73,"column":20},"end":{"line":73,"column":58},"skip":true},{"start":{"line":74,"column":20},"end":{"line":74,"column":69},"skip":true}]},"9":{"line":79,"type":"switch","locations":[{"start":{"line":80,"column":20},"end":{"line":80,"column":33},"skip":true},{"start":{"line":81,"column":20},"end":{"line":83,"column":30},"skip":true},{"start":{"line":84,"column":20},"end":{"line":85,"column":49},"skip":true}]},"10":{"line":89,"type":"switch","locations":[{"start":{"line":90,"column":12},"end":{"line":103,"column":22},"skip":true},{"start":{"line":105,"column":12},"end":{"line":106,"column":22},"skip":true}]},"11":{"line":89,"type":"binary-expr","locations":[{"start":{"line":89,"column":20},"end":{"line":89,"column":25},"skip":true},{"start":{"line":89,"column":29},"end":{"line":89,"column":48},"skip":true},{"start":{"line":89,"column":52},"end":{"line":89,"column":74},"skip":true}]},"12":{"line":92,"type":"if","locations":[{"start":{"line":92,"column":16},"end":{"line":92,"column":16},"skip":true},{"start":{"line":92,"column":16},"end":{"line":92,"column":16},"skip":true}]},"13":{"line":108,"type":"if","locations":[{"start":{"line":108,"column":12},"end":{"line":108,"column":12},"skip":true},{"start":{"line":108,"column":12},"end":{"line":108,"column":12},"skip":true}]},"14":{"line":108,"type":"binary-expr","locations":[{"start":{"line":108,"column":16},"end":{"line":108,"column":61},"skip":true},{"start":{"line":108,"column":66},"end":{"line":108,"column":72},"skip":true},{"start":{"line":108,"column":77},"end":{"line":108,"column":82},"skip":true},{"start":{"line":109,"column":20},"end":{"line":109,"column":39},"skip":true},{"start":{"line":110,"column":20},"end":{"line":110,"column":49},"skip":true},{"start":{"line":111,"column":20},"end":{"line":111,"column":58},"skip":true},{"start":{"line":112,"column":20},"end":{"line":112,"column":68},"skip":true}]},"15":{"line":129,"type":"if","locations":[{"start":{"line":129,"column":16},"end":{"line":129,"column":16},"skip":true},{"start":{"line":129,"column":16},"end":{"line":129,"column":16},"skip":true}]},"16":{"line":134,"type":"cond-expr","locations":[{"start":{"line":135,"column":26},"end":{"line":135,"column":29},"skip":true},{"start":{"line":136,"column":26},"end":{"line":136,"column":54},"skip":true}]},"17":{"line":164,"type":"binary-expr","locations":[{"start":{"line":164,"column":27},"end":{"line":164,"column":43},"skip":true},{"start":{"line":164,"column":47},"end":{"line":164,"column":49},"skip":true}]},"18":{"line":258,"type":"if","locations":[{"start":{"line":258,"column":8},"end":{"line":258,"column":8},"skip":true},{"start":{"line":258,"column":8},"end":{"line":258,"column":8},"skip":true}]},"19":{"line":275,"type":"switch","locations":[{"start":{"line":276,"column":20},"end":{"line":277,"column":64},"skip":true},{"start":{"line":278,"column":20},"end":{"line":279,"column":40},"skip":true},{"start":{"line":280,"column":20},"end":{"line":281,"column":40},"skip":true},{"start":{"line":282,"column":20},"end":{"line":283,"column":39},"skip":true}]},"20":{"line":288,"type":"if","locations":[{"start":{"line":288,"column":8},"end":{"line":288,"column":8},"skip":true},{"start":{"line":288,"column":8},"end":{"line":288,"column":8},"skip":true}]},"21":{"line":288,"type":"binary-expr","locations":[{"start":{"line":288,"column":12},"end":{"line":288,"column":40},"skip":true},{"start":{"line":288,"column":44},"end":{"line":288,"column":67},"skip":true}]},"22":{"line":292,"type":"binary-expr","locations":[{"start":{"line":292,"column":12},"end":{"line":292,"column":50},"skip":true},{"start":{"line":293,"column":12},"end":{"line":293,"column":53},"skip":true}]},"23":{"line":297,"type":"binary-expr","locations":[{"start":{"line":297,"column":12},"end":{"line":297,"column":65},"skip":true},{"start":{"line":298,"column":12},"end":{"line":301,"column":36},"skip":true}]},"24":{"line":303,"type":"binary-expr","locations":[{"start":{"line":303,"column":43},"end":{"line":303,"column":75},"skip":true},{"start":{"line":303,"column":79},"end":{"line":303,"column":81},"skip":true}]},"25":{"line":306,"type":"if","locations":[{"start":{"line":306,"column":8},"end":{"line":306,"column":8},"skip":true},{"start":{"line":306,"column":8},"end":{"line":306,"column":8},"skip":true}]},"26":{"line":310,"type":"if","locations":[{"start":{"line":310,"column":8},"end":{"line":310,"column":8},"skip":true},{"start":{"line":310,"column":8},"end":{"line":310,"column":8},"skip":true}]},"27":{"line":313,"type":"binary-expr","locations":[{"start":{"line":313,"column":27},"end":{"line":313,"column":43},"skip":true},{"start":{"line":313,"column":47},"end":{"line":313,"column":53},"skip":true}]},"28":{"line":317,"type":"if","locations":[{"start":{"line":317,"column":12},"end":{"line":317,"column":12},"skip":true},{"start":{"line":317,"column":12},"end":{"line":317,"column":12},"skip":true}]}},"code":["/*","example.js","","quickstart example","","instruction","    1. save this script as example.js","    2. run the shell command:","        $ npm install npmtest-youtube && PORT=8081 node example.js","    3. play with the browser-demo on http://127.0.0.1:8081","*/","","","","/* istanbul instrument in package npmtest_youtube */","/*jslint","    bitwise: true,","    browser: true,","    maxerr: 8,","    maxlen: 96,","    node: true,","    nomen: true,","    regexp: true,","    stupid: true","*/","(function () {","    'use strict';","    var local;","","","","    // run shared js-env code - pre-init","    (function () {","        // init local","        local = {};","        // init modeJs","        local.modeJs = (function () {","            try {","                return typeof navigator.userAgent === 'string' &&","                    typeof document.querySelector('body') === 'object' &&","                    typeof XMLHttpRequest.prototype.open === 'function' &&","                    'browser';","            } catch (errorCaughtBrowser) {","                return module.exports &&","                    typeof process.versions.node === 'string' &&","                    typeof require('http').createServer === 'function' &&","                    'node';","            }","        }());","        // init global","        local.global = local.modeJs === 'browser'","            ? window","            : global;","        // init utility2_rollup","        local = local.global.utility2_rollup || (local.modeJs === 'browser'","            ? local.global.utility2_npmtest_youtube","            : global.utility2_moduleExports);","        // export local","        local.global.local = local;","    }());","    switch (local.modeJs) {","","","","    // post-init","    // run browser js-env code - post-init","    /* istanbul ignore next */","    case 'browser':","        local.testRunBrowser = function (event) {","            if (!event || (event &&","                    event.currentTarget &&","                    event.currentTarget.className &&","                    event.currentTarget.className.includes &&","                    event.currentTarget.className.includes('onreset'))) {","                // reset output","                Array.from(","                    document.querySelectorAll('body > .resettable')","                ).forEach(function (element) {","                    switch (element.tagName) {","                    case 'INPUT':","                    case 'TEXTAREA':","                        element.value = '';","                        break;","                    default:","                        element.textContent = '';","                    }","                });","            }","            switch (event && event.currentTarget && event.currentTarget.id) {","            case 'testRunButton1':","                // show tests","                if (document.querySelector('#testReportDiv1').style.display === 'none') {","                    document.querySelector('#testReportDiv1').style.display = 'block';","                    document.querySelector('#testRunButton1').textContent =","                        'hide internal test';","                    local.modeTest = true;","                    local.testRunDefault(local);","                // hide tests","                } else {","                    document.querySelector('#testReportDiv1').style.display = 'none';","                    document.querySelector('#testRunButton1').textContent = 'run internal test';","                }","                break;","            // custom-case","            default:","                break;","            }","            if (document.querySelector('#inputTextareaEval1') && (!event || (event &&","                    event.currentTarget &&","                    event.currentTarget.className &&","                    event.currentTarget.className.includes &&","                    event.currentTarget.className.includes('oneval')))) {","                // try to eval input-code","                try {","                    /*jslint evil: true*/","                    eval(document.querySelector('#inputTextareaEval1').value);","                } catch (errorCaught) {","                    console.error(errorCaught);","                }","            }","        };","        // log stderr and stdout to #outputTextareaStdout1","        ['error', 'log'].forEach(function (key) {","            console[key + '_original'] = console[key];","            console[key] = function () {","                var element;","                console[key + '_original'].apply(console, arguments);","                element = document.querySelector('#outputTextareaStdout1');","                if (!element) {","                    return;","                }","                // append text to #outputTextareaStdout1","                element.value += Array.from(arguments).map(function (arg) {","                    return typeof arg === 'string'","                        ? arg","                        : JSON.stringify(arg, null, 4);","                }).join(' ') + '\\n';","                // scroll textarea to bottom","                element.scrollTop = element.scrollHeight;","            };","        });","        // init event-handling","        ['change', 'click', 'keyup'].forEach(function (event) {","            Array.from(document.querySelectorAll('.on' + event)).forEach(function (element) {","                element.addEventListener(event, local.testRunBrowser);","            });","        });","        // run tests","        local.testRunBrowser();","        break;","","","","    // run node js-env code - post-init","    /* istanbul ignore next */","    case 'node':","        // export local","        module.exports = local;","        // require modules","        local.fs = require('fs');","        local.http = require('http');","        local.url = require('url');","        // init assets","        local.assetsDict = local.assetsDict || {};","        /* jslint-ignore-begin */","        local.assetsDict['/assets.index.template.html'] = '\\","<!doctype html>\\n\\","<html lang=\"en\">\\n\\","<head>\\n\\","<meta charset=\"UTF-8\">\\n\\","<meta name=\"viewport\" content=\"width=device-width, initial-scale=1\">\\n\\","<title>{{env.npm_package_name}} (v{{env.npm_package_version}})</title>\\n\\","<style>\\n\\","/*csslint\\n\\","    box-sizing: false,\\n\\","    universal-selector: false\\n\\","*/\\n\\","* {\\n\\","    box-sizing: border-box;\\n\\","}\\n\\","body {\\n\\","    background: #dde;\\n\\","    font-family: Arial, Helvetica, sans-serif;\\n\\","    margin: 2rem;\\n\\","}\\n\\","body > * {\\n\\","    margin-bottom: 1rem;\\n\\","}\\n\\",".utility2FooterDiv {\\n\\","    margin-top: 20px;\\n\\","    text-align: center;\\n\\","}\\n\\","</style>\\n\\","<style>\\n\\","/*csslint\\n\\","*/\\n\\","textarea {\\n\\","    font-family: monospace;\\n\\","    height: 10rem;\\n\\","    width: 100%;\\n\\","}\\n\\","textarea[readonly] {\\n\\","    background: #ddd;\\n\\","}\\n\\","</style>\\n\\","</head>\\n\\","<body>\\n\\","<!-- utility2-comment\\n\\","<div id=\"ajaxProgressDiv1\" style=\"background: #d00; height: 2px; left: 0; margin: 0; padding: 0; position: fixed; top: 0; transition: background 0.5s, width 1.5s; width: 25%;\"></div>\\n\\","utility2-comment -->\\n\\","<h1>\\n\\","<!-- utility2-comment\\n\\","    <a\\n\\","        {{#if env.npm_package_homepage}}\\n\\","        href=\"{{env.npm_package_homepage}}\"\\n\\","        {{/if env.npm_package_homepage}}\\n\\","        target=\"_blank\"\\n\\","    >\\n\\","utility2-comment -->\\n\\","        {{env.npm_package_name}} (v{{env.npm_package_version}})\\n\\","<!-- utility2-comment\\n\\","    </a>\\n\\","utility2-comment -->\\n\\","</h1>\\n\\","<h3>{{env.npm_package_description}}</h3>\\n\\","<!-- utility2-comment\\n\\","<h4><a download href=\"assets.app.js\">download standalone app</a></h4>\\n\\","<button class=\"onclick onreset\" id=\"testRunButton1\">run internal test</button><br>\\n\\","<div id=\"testReportDiv1\" style=\"display: none;\"></div>\\n\\","utility2-comment -->\\n\\","\\n\\","\\n\\","\\n\\","<label>stderr and stdout</label>\\n\\","<textarea class=\"resettable\" id=\"outputTextareaStdout1\" readonly></textarea>\\n\\","<!-- utility2-comment\\n\\","{{#if isRollup}}\\n\\","<script src=\"assets.app.js\"></script>\\n\\","{{#unless isRollup}}\\n\\","utility2-comment -->\\n\\","<script src=\"assets.utility2.rollup.js\"></script>\\n\\","<script src=\"jsonp.utility2._stateInit?callback=window.utility2._stateInit\"></script>\\n\\","<script src=\"assets.npmtest_youtube.rollup.js\"></script>\\n\\","<script src=\"assets.example.js\"></script>\\n\\","<script src=\"assets.test.js\"></script>\\n\\","<!-- utility2-comment\\n\\","{{/if isRollup}}\\n\\","utility2-comment -->\\n\\","<div class=\"utility2FooterDiv\">\\n\\","    [ this app was created with\\n\\","    <a href=\"https://github.com/kaizhu256/node-utility2\" target=\"_blank\">utility2</a>\\n\\","    ]\\n\\","</div>\\n\\","</body>\\n\\","</html>\\n\\","';","        /* jslint-ignore-end */","        if (local.templateRender) {","            local.assetsDict['/'] = local.templateRender(","                local.assetsDict['/assets.index.template.html'],","                {","                    env: local.objectSetDefault(local.env, {","                        npm_package_description: 'the greatest app in the world!',","                        npm_package_name: 'my-app',","                        npm_package_nameAlias: 'my_app',","                        npm_package_version: '0.0.1'","                    })","                }","            );","        } else {","            local.assetsDict['/'] = local.assetsDict['/assets.index.template.html']","                .replace((/\\{\\{env\\.(\\w+?)\\}\\}/g), function (match0, match1) {","                    // jslint-hack","                    String(match0);","                    switch (match1) {","                    case 'npm_package_description':","                        return 'the greatest app in the world!';","                    case 'npm_package_name':","                        return 'my-app';","                    case 'npm_package_nameAlias':","                        return 'my_app';","                    case 'npm_package_version':","                        return '0.0.1';","                    }","                });","        }","        // run the cli","        if (local.global.utility2_rollup || module !== require.main) {","            break;","        }","        local.assetsDict['/assets.example.js'] =","            local.assetsDict['/assets.example.js'] ||","            local.fs.readFileSync(__filename, 'utf8');","        // bug-workaround - long $npm_package_buildCustomOrg","        /* jslint-ignore-begin */","        local.assetsDict['/assets.npmtest_youtube.rollup.js'] =","            local.assetsDict['/assets.npmtest_youtube.rollup.js'] ||","            local.fs.readFileSync(","                local.npmtest_youtube.__dirname + '/lib.npmtest_youtube.js',","                'utf8'","            ).replace((/^#!/), '//');","        /* jslint-ignore-end */","        local.assetsDict['/favicon.ico'] = local.assetsDict['/favicon.ico'] || '';","        // if $npm_config_timeout_exit exists,","        // then exit this process after $npm_config_timeout_exit ms","        if (Number(process.env.npm_config_timeout_exit)) {","            setTimeout(process.exit, Number(process.env.npm_config_timeout_exit));","        }","        // start server","        if (local.global.utility2_serverHttp1) {","            break;","        }","        process.env.PORT = process.env.PORT || '8081';","        console.error('server starting on port ' + process.env.PORT);","        local.http.createServer(function (request, response) {","            request.urlParsed = local.url.parse(request.url);","            if (local.assetsDict[request.urlParsed.pathname] !== undefined) {","                response.end(local.assetsDict[request.urlParsed.pathname]);","                return;","            }","            response.statusCode = 404;","            response.end();","        }).listen(process.env.PORT);","        break;","    }","}());",""],"l":{"26":2,"28":2,"33":2,"35":2,"37":2,"38":2,"39":2,"44":1,"51":2,"55":2,"59":2,"61":2,"69":1,"70":2,"76":2,"79":2,"82":2,"83":2,"85":1,"89":2,"92":1,"93":1,"94":1,"96":1,"97":1,"100":1,"101":1,"103":1,"106":1,"108":2,"114":1,"116":1,"118":1,"123":1,"124":2,"125":2,"126":3,"127":3,"128":3,"129":3,"130":1,"133":3,"134":3,"139":3,"143":1,"144":3,"145":1,"149":1,"150":1,"158":1,"160":1,"161":1,"162":1,"164":1,"166":1,"258":1,"259":1,"271":1,"274":6,"275":6,"277":1,"279":2,"281":1,"283":2,"288":1,"289":1,"291":1,"296":1,"303":1,"306":1,"307":1,"310":1,"311":1,"313":1,"314":1,"315":1,"316":1,"317":1,"318":1,"319":1,"321":1,"322":1,"324":1}},"/home/travis/build/npmtest/node-npmtest-youtube/node_modules/youtube/index.js":{"path":"/home/travis/build/npmtest/node-npmtest-youtube/node_modules/youtube/index.js","s":{"1":1},"b":{},"f":{},"fnMap":{},"statementMap":{"1":{"start":{"line":2,"column":0},"end":{"line":2,"column":42}}},"branchMap":{},"code":["","module.exports = require('./lib/youtube');"],"l":{"2":1}},"/home/travis/build/npmtest/node-npmtest-youtube/node_modules/youtube/lib/youtube.js":{"path":"/home/travis/build/npmtest/node-npmtest-youtube/node_modules/youtube/lib/youtube.js","s":{"1":1,"2":1,"3":1,"4":1,"5":0,"6":0,"7":0,"8":1,"9":0,"10":1,"11":0,"12":0,"13":0,"14":0,"15":0,"16":0,"17":0,"18":0,"19":0,"20":0,"21":1,"22":1,"23":0,"24":0,"25":1,"26":0,"27":0,"28":1,"29":0,"30":0,"31":1,"32":0,"33":0,"34":1,"35":0,"36":0,"37":1,"38":0,"39":0,"40":1,"41":0,"42":0,"43":1,"44":0,"45":0,"46":1,"47":0,"48":0,"49":1,"50":0,"51":0,"52":1,"53":0,"54":0,"55":1,"56":0,"57":0,"58":1,"59":0,"60":0,"61":1,"62":0,"63":0,"64":1,"65":0,"66":0,"67":0,"68":0,"69":0,"70":0,"71":0,"72":0,"73":0,"74":1,"75":0,"76":1,"77":0,"78":0,"79":0,"80":0,"81":0,"82":0,"83":0,"84":0,"85":0,"86":0,"87":0,"88":0,"89":0,"90":0,"91":0,"92":0,"93":0,"94":0,"95":0,"96":0,"97":0,"98":0,"99":0,"100":0,"101":0,"102":0,"103":0,"104":0,"105":0,"106":0,"107":0,"108":0,"109":0,"110":0,"111":1,"112":0,"113":0,"114":0,"115":0,"116":0,"117":0,"118":0,"119":0,"120":0,"121":0,"122":1,"123":0,"124":0,"125":0,"126":0,"127":0,"128":0,"129":0,"130":1,"131":0,"132":0,"133":0,"134":0,"135":0,"136":0,"137":0,"138":0,"139":0,"140":0,"141":0,"142":0,"143":0,"144":0,"145":0,"146":0,"147":0,"148":0,"149":0,"150":0,"151":1,"152":0,"153":0,"154":1,"155":0,"156":0,"157":0,"158":0,"159":1,"160":0},"b":{"1":[0,0],"2":[0,0],"3":[0,0],"4":[0,0],"5":[0,0],"6":[0,0],"7":[0,0],"8":[0,0],"9":[0,0],"10":[0,0],"11":[0,0],"12":[0,0],"13":[0,0],"14":[0,0],"15":[0,0],"16":[0,0]},"f":{"1":0,"2":0,"3":0,"4":0,"5":0,"6":0,"7":0,"8":0,"9":0,"10":0,"11":0,"12":0,"13":0,"14":0,"15":0,"16":0,"17":0,"18":0,"19":0,"20":0,"21":0,"22":0,"23":0,"24":0,"25":0,"26":0,"27":0,"28":0,"29":0,"30":0,"31":0,"32":0,"33":0,"34":0,"35":0,"36":0,"37":0,"38":0,"39":0,"40":0,"41":0},"fnMap":{"1":{"name":"(anonymous_1)","line":44,"loc":{"start":{"line":44,"column":16},"end":{"line":44,"column":43}}},"2":{"name":"(anonymous_2)","line":66,"loc":{"start":{"line":66,"column":23},"end":{"line":66,"column":37}}},"3":{"name":"Upload","line":77,"loc":{"start":{"line":77,"column":0},"end":{"line":77,"column":22}}},"4":{"name":"(anonymous_4)","line":104,"loc":{"start":{"line":104,"column":24},"end":{"line":104,"column":38}}},"5":{"name":"(anonymous_5)","line":117,"loc":{"start":{"line":117,"column":28},"end":{"line":117,"column":46}}},"6":{"name":"(anonymous_6)","line":130,"loc":{"start":{"line":130,"column":26},"end":{"line":130,"column":42}}},"7":{"name":"(anonymous_7)","line":143,"loc":{"start":{"line":143,"column":25},"end":{"line":143,"column":40}}},"8":{"name":"(anonymous_8)","line":156,"loc":{"start":{"line":156,"column":23},"end":{"line":156,"column":36}}},"9":{"name":"(anonymous_9)","line":169,"loc":{"start":{"line":169,"column":31},"end":{"line":169,"column":52}}},"10":{"name":"(anonymous_10)","line":182,"loc":{"start":{"line":182,"column":28},"end":{"line":182,"column":46}}},"11":{"name":"(anonymous_11)","line":195,"loc":{"start":{"line":195,"column":28},"end":{"line":195,"column":41}}},"12":{"name":"(anonymous_12)","line":207,"loc":{"start":{"line":207,"column":24},"end":{"line":207,"column":39}}},"13":{"name":"(anonymous_13)","line":219,"loc":{"start":{"line":219,"column":28},"end":{"line":219,"column":43}}},"14":{"name":"(anonymous_14)","line":231,"loc":{"start":{"line":231,"column":33},"end":{"line":231,"column":48}}},"15":{"name":"(anonymous_15)","line":243,"loc":{"start":{"line":243,"column":25},"end":{"line":243,"column":40}}},"16":{"name":"(anonymous_16)","line":255,"loc":{"start":{"line":255,"column":29},"end":{"line":255,"column":44}}},"17":{"name":"(anonymous_17)","line":267,"loc":{"start":{"line":267,"column":24},"end":{"line":267,"column":39}}},"18":{"name":"(anonymous_18)","line":280,"loc":{"start":{"line":280,"column":27},"end":{"line":280,"column":39}}},"19":{"name":"(anonymous_19)","line":293,"loc":{"start":{"line":293,"column":24},"end":{"line":293,"column":48}}},"20":{"name":"(anonymous_20)","line":309,"loc":{"start":{"line":309,"column":30},"end":{"line":309,"column":42}}},"21":{"name":"buf","line":321,"loc":{"start":{"line":321,"column":2},"end":{"line":321,"column":20}}},"22":{"name":"(anonymous_22)","line":333,"loc":{"start":{"line":333,"column":16},"end":{"line":333,"column":35}}},"23":{"name":"(anonymous_23)","line":360,"loc":{"start":{"line":360,"column":36},"end":{"line":360,"column":49}}},"24":{"name":"(anonymous_24)","line":364,"loc":{"start":{"line":364,"column":23},"end":{"line":364,"column":38}}},"25":{"name":"(anonymous_25)","line":365,"loc":{"start":{"line":365,"column":22},"end":{"line":365,"column":32}}},"26":{"name":"(anonymous_26)","line":378,"loc":{"start":{"line":378,"column":21},"end":{"line":378,"column":31}}},"27":{"name":"(anonymous_27)","line":394,"loc":{"start":{"line":394,"column":28},"end":{"line":394,"column":45}}},"28":{"name":"(anonymous_28)","line":397,"loc":{"start":{"line":397,"column":17},"end":{"line":397,"column":32}}},"29":{"name":"(anonymous_29)","line":398,"loc":{"start":{"line":398,"column":19},"end":{"line":398,"column":32}}},"30":{"name":"(anonymous_30)","line":401,"loc":{"start":{"line":401,"column":16},"end":{"line":401,"column":39}}},"31":{"name":"(anonymous_31)","line":415,"loc":{"start":{"line":415,"column":26},"end":{"line":415,"column":38}}},"32":{"name":"(anonymous_32)","line":417,"loc":{"start":{"line":417,"column":15},"end":{"line":417,"column":33}}},"33":{"name":"(anonymous_33)","line":433,"loc":{"start":{"line":433,"column":27},"end":{"line":433,"column":39}}},"34":{"name":"(anonymous_34)","line":435,"loc":{"start":{"line":435,"column":15},"end":{"line":435,"column":33}}},"35":{"name":"(anonymous_35)","line":459,"loc":{"start":{"line":459,"column":36},"end":{"line":459,"column":49}}},"36":{"name":"(anonymous_36)","line":463,"loc":{"start":{"line":463,"column":23},"end":{"line":463,"column":38}}},"37":{"name":"(anonymous_37)","line":464,"loc":{"start":{"line":464,"column":22},"end":{"line":464,"column":32}}},"38":{"name":"(anonymous_38)","line":484,"loc":{"start":{"line":484,"column":28},"end":{"line":484,"column":38}}},"39":{"name":"parse","line":518,"loc":{"start":{"line":518,"column":0},"end":{"line":518,"column":21}}},"40":{"name":"(anonymous_40)","line":519,"loc":{"start":{"line":519,"column":33},"end":{"line":519,"column":51}}},"41":{"name":"escape","line":536,"loc":{"start":{"line":536,"column":0},"end":{"line":536,"column":22}}}},"statementMap":{"1":{"start":{"line":12,"column":0},"end":{"line":19,"column":23}},"2":{"start":{"line":25,"column":0},"end":{"line":25,"column":26}},"3":{"start":{"line":31,"column":0},"end":{"line":31,"column":24}},"4":{"start":{"line":44,"column":0},"end":{"line":56,"column":2}},"5":{"start":{"line":45,"column":2},"end":{"line":45,"column":23}},"6":{"start":{"line":46,"column":2},"end":{"line":46,"column":25}},"7":{"start":{"line":47,"column":2},"end":{"line":55,"column":52}},"8":{"start":{"line":66,"column":0},"end":{"line":68,"column":2}},"9":{"start":{"line":67,"column":2},"end":{"line":67,"column":26}},"10":{"start":{"line":77,"column":0},"end":{"line":88,"column":1}},"11":{"start":{"line":78,"column":2},"end":{"line":78,"column":17}},"12":{"start":{"line":79,"column":2},"end":{"line":79,"column":17}},"13":{"start":{"line":80,"column":2},"end":{"line":80,"column":19}},"14":{"start":{"line":81,"column":2},"end":{"line":81,"column":20}},"15":{"start":{"line":82,"column":2},"end":{"line":82,"column":18}},"16":{"start":{"line":83,"column":2},"end":{"line":83,"column":22}},"17":{"start":{"line":84,"column":2},"end":{"line":84,"column":27}},"18":{"start":{"line":85,"column":2},"end":{"line":85,"column":18}},"19":{"start":{"line":86,"column":2},"end":{"line":86,"column":19}},"20":{"start":{"line":87,"column":2},"end":{"line":87,"column":23}},"21":{"start":{"line":94,"column":0},"end":{"line":94,"column":52}},"22":{"start":{"line":104,"column":0},"end":{"line":107,"column":2}},"23":{"start":{"line":105,"column":2},"end":{"line":105,"column":20}},"24":{"start":{"line":106,"column":2},"end":{"line":106,"column":14}},"25":{"start":{"line":117,"column":0},"end":{"line":120,"column":2}},"26":{"start":{"line":118,"column":2},"end":{"line":118,"column":28}},"27":{"start":{"line":119,"column":2},"end":{"line":119,"column":14}},"28":{"start":{"line":130,"column":0},"end":{"line":133,"column":2}},"29":{"start":{"line":131,"column":2},"end":{"line":131,"column":24}},"30":{"start":{"line":132,"column":2},"end":{"line":132,"column":14}},"31":{"start":{"line":143,"column":0},"end":{"line":146,"column":2}},"32":{"start":{"line":144,"column":2},"end":{"line":144,"column":26}},"33":{"start":{"line":145,"column":2},"end":{"line":145,"column":14}},"34":{"start":{"line":156,"column":0},"end":{"line":159,"column":2}},"35":{"start":{"line":157,"column":2},"end":{"line":157,"column":18}},"36":{"start":{"line":158,"column":2},"end":{"line":158,"column":14}},"37":{"start":{"line":169,"column":0},"end":{"line":172,"column":2}},"38":{"start":{"line":170,"column":2},"end":{"line":170,"column":38}},"39":{"start":{"line":171,"column":2},"end":{"line":171,"column":14}},"40":{"start":{"line":182,"column":0},"end":{"line":185,"column":2}},"41":{"start":{"line":183,"column":2},"end":{"line":183,"column":32}},"42":{"start":{"line":184,"column":2},"end":{"line":184,"column":14}},"43":{"start":{"line":195,"column":0},"end":{"line":198,"column":2}},"44":{"start":{"line":196,"column":2},"end":{"line":196,"column":27}},"45":{"start":{"line":197,"column":2},"end":{"line":197,"column":14}},"46":{"start":{"line":207,"column":0},"end":{"line":210,"column":2}},"47":{"start":{"line":208,"column":2},"end":{"line":208,"column":25}},"48":{"start":{"line":209,"column":2},"end":{"line":209,"column":14}},"49":{"start":{"line":219,"column":0},"end":{"line":222,"column":2}},"50":{"start":{"line":220,"column":2},"end":{"line":220,"column":28}},"51":{"start":{"line":221,"column":2},"end":{"line":221,"column":14}},"52":{"start":{"line":231,"column":0},"end":{"line":234,"column":2}},"53":{"start":{"line":232,"column":2},"end":{"line":232,"column":32}},"54":{"start":{"line":233,"column":2},"end":{"line":233,"column":14}},"55":{"start":{"line":243,"column":0},"end":{"line":246,"column":2}},"56":{"start":{"line":244,"column":2},"end":{"line":244,"column":26}},"57":{"start":{"line":245,"column":2},"end":{"line":245,"column":14}},"58":{"start":{"line":255,"column":0},"end":{"line":258,"column":2}},"59":{"start":{"line":256,"column":2},"end":{"line":256,"column":30}},"60":{"start":{"line":257,"column":2},"end":{"line":257,"column":14}},"61":{"start":{"line":267,"column":0},"end":{"line":270,"column":2}},"62":{"start":{"line":268,"column":2},"end":{"line":268,"column":25}},"63":{"start":{"line":269,"column":2},"end":{"line":269,"column":14}},"64":{"start":{"line":280,"column":0},"end":{"line":299,"column":2}},"65":{"start":{"line":281,"column":2},"end":{"line":281,"column":19}},"66":{"start":{"line":283,"column":2},"end":{"line":283,"column":62}},"67":{"start":{"line":284,"column":2},"end":{"line":284,"column":76}},"68":{"start":{"line":286,"column":2},"end":{"line":291,"column":5}},"69":{"start":{"line":293,"column":2},"end":{"line":296,"column":5}},"70":{"start":{"line":294,"column":4},"end":{"line":294,"column":28}},"71":{"start":{"line":294,"column":13},"end":{"line":294,"column":28}},"72":{"start":{"line":295,"column":4},"end":{"line":295,"column":26}},"73":{"start":{"line":298,"column":2},"end":{"line":298,"column":14}},"74":{"start":{"line":309,"column":0},"end":{"line":384,"column":2}},"75":{"start":{"line":310,"column":2},"end":{"line":319,"column":16}},"76":{"start":{"line":321,"column":2},"end":{"line":324,"column":3}},"77":{"start":{"line":322,"column":4},"end":{"line":322,"column":16}},"78":{"start":{"line":323,"column":4},"end":{"line":323,"column":34}},"79":{"start":{"line":326,"column":2},"end":{"line":326,"column":84}},"80":{"start":{"line":328,"column":2},"end":{"line":328,"column":22}},"81":{"start":{"line":329,"column":2},"end":{"line":329,"column":26}},"82":{"start":{"line":330,"column":2},"end":{"line":330,"column":30}},"83":{"start":{"line":331,"column":2},"end":{"line":331,"column":30}},"84":{"start":{"line":333,"column":2},"end":{"line":381,"column":5}},"85":{"start":{"line":334,"column":4},"end":{"line":334,"column":28}},"86":{"start":{"line":334,"column":13},"end":{"line":334,"column":28}},"87":{"start":{"line":336,"column":4},"end":{"line":336,"column":38}},"88":{"start":{"line":337,"column":4},"end":{"line":337,"column":65}},"89":{"start":{"line":338,"column":4},"end":{"line":338,"column":16}},"90":{"start":{"line":339,"column":4},"end":{"line":339,"column":25}},"91":{"start":{"line":342,"column":4},"end":{"line":342,"column":21}},"92":{"start":{"line":343,"column":4},"end":{"line":343,"column":38}},"93":{"start":{"line":344,"column":4},"end":{"line":344,"column":40}},"94":{"start":{"line":345,"column":4},"end":{"line":345,"column":49}},"95":{"start":{"line":346,"column":4},"end":{"line":346,"column":16}},"96":{"start":{"line":349,"column":4},"end":{"line":357,"column":6}},"97":{"start":{"line":360,"column":4},"end":{"line":372,"column":7}},"98":{"start":{"line":362,"column":6},"end":{"line":371,"column":7}},"99":{"start":{"line":363,"column":8},"end":{"line":363,"column":21}},"100":{"start":{"line":364,"column":8},"end":{"line":364,"column":57}},"101":{"start":{"line":364,"column":40},"end":{"line":364,"column":53}},"102":{"start":{"line":365,"column":8},"end":{"line":367,"column":11}},"103":{"start":{"line":366,"column":10},"end":{"line":366,"column":77}},"104":{"start":{"line":370,"column":8},"end":{"line":370,"column":31}},"105":{"start":{"line":375,"column":4},"end":{"line":375,"column":59}},"106":{"start":{"line":376,"column":4},"end":{"line":376,"column":43}},"107":{"start":{"line":377,"column":4},"end":{"line":377,"column":20}},"108":{"start":{"line":378,"column":4},"end":{"line":380,"column":17}},"109":{"start":{"line":379,"column":6},"end":{"line":379,"column":22}},"110":{"start":{"line":383,"column":2},"end":{"line":383,"column":14}},"111":{"start":{"line":394,"column":0},"end":{"line":406,"column":2}},"112":{"start":{"line":395,"column":2},"end":{"line":395,"column":33}},"113":{"start":{"line":396,"column":2},"end":{"line":396,"column":26}},"114":{"start":{"line":397,"column":2},"end":{"line":397,"column":64}},"115":{"start":{"line":397,"column":34},"end":{"line":397,"column":60}},"116":{"start":{"line":398,"column":2},"end":{"line":405,"column":5}},"117":{"start":{"line":399,"column":4},"end":{"line":399,"column":59}},"118":{"start":{"line":400,"column":4},"end":{"line":400,"column":46}},"119":{"start":{"line":401,"column":4},"end":{"line":403,"column":6}},"120":{"start":{"line":402,"column":6},"end":{"line":402,"column":50}},"121":{"start":{"line":404,"column":4},"end":{"line":404,"column":18}},"122":{"start":{"line":415,"column":0},"end":{"line":423,"column":2}},"123":{"start":{"line":416,"column":2},"end":{"line":416,"column":18}},"124":{"start":{"line":417,"column":2},"end":{"line":421,"column":5}},"125":{"start":{"line":418,"column":4},"end":{"line":418,"column":28}},"126":{"start":{"line":418,"column":13},"end":{"line":418,"column":28}},"127":{"start":{"line":419,"column":4},"end":{"line":419,"column":25}},"128":{"start":{"line":420,"column":4},"end":{"line":420,"column":24}},"129":{"start":{"line":422,"column":2},"end":{"line":422,"column":14}},"130":{"start":{"line":433,"column":0},"end":{"line":475,"column":2}},"131":{"start":{"line":434,"column":2},"end":{"line":434,"column":18}},"132":{"start":{"line":435,"column":2},"end":{"line":474,"column":5}},"133":{"start":{"line":436,"column":4},"end":{"line":436,"column":28}},"134":{"start":{"line":436,"column":13},"end":{"line":436,"column":28}},"135":{"start":{"line":437,"column":4},"end":{"line":442,"column":18}},"136":{"start":{"line":444,"column":4},"end":{"line":444,"column":79}},"137":{"start":{"line":446,"column":4},"end":{"line":446,"column":24}},"138":{"start":{"line":447,"column":4},"end":{"line":447,"column":30}},"139":{"start":{"line":448,"column":4},"end":{"line":448,"column":32}},"140":{"start":{"line":449,"column":4},"end":{"line":449,"column":32}},"141":{"start":{"line":451,"column":4},"end":{"line":456,"column":6}},"142":{"start":{"line":459,"column":4},"end":{"line":471,"column":7}},"143":{"start":{"line":461,"column":6},"end":{"line":470,"column":7}},"144":{"start":{"line":462,"column":8},"end":{"line":462,"column":21}},"145":{"start":{"line":463,"column":8},"end":{"line":463,"column":57}},"146":{"start":{"line":463,"column":40},"end":{"line":463,"column":53}},"147":{"start":{"line":464,"column":8},"end":{"line":466,"column":11}},"148":{"start":{"line":465,"column":10},"end":{"line":465,"column":77}},"149":{"start":{"line":469,"column":8},"end":{"line":469,"column":13}},"150":{"start":{"line":473,"column":4},"end":{"line":473,"column":14}},"151":{"start":{"line":484,"column":0},"end":{"line":508,"column":2}},"152":{"start":{"line":485,"column":2},"end":{"line":485,"column":23}},"153":{"start":{"line":486,"column":2},"end":{"line":507,"column":12}},"154":{"start":{"line":518,"column":0},"end":{"line":526,"column":1}},"155":{"start":{"line":519,"column":2},"end":{"line":525,"column":9}},"156":{"start":{"line":520,"column":4},"end":{"line":522,"column":28}},"157":{"start":{"line":523,"column":4},"end":{"line":523,"column":33}},"158":{"start":{"line":524,"column":4},"end":{"line":524,"column":15}},"159":{"start":{"line":536,"column":0},"end":{"line":542,"column":1}},"160":{"start":{"line":537,"column":2},"end":{"line":541,"column":27}}},"branchMap":{"1":{"line":45,"type":"binary-expr","locations":[{"start":{"line":45,"column":10},"end":{"line":45,"column":15}},{"start":{"line":45,"column":19},"end":{"line":45,"column":22}}]},"2":{"line":46,"type":"binary-expr","locations":[{"start":{"line":46,"column":11},"end":{"line":46,"column":17}},{"start":{"line":46,"column":21},"end":{"line":46,"column":24}}]},"3":{"line":294,"type":"if","locations":[{"start":{"line":294,"column":4},"end":{"line":294,"column":4}},{"start":{"line":294,"column":4},"end":{"line":294,"column":4}}]},"4":{"line":334,"type":"if","locations":[{"start":{"line":334,"column":4},"end":{"line":334,"column":4}},{"start":{"line":334,"column":4},"end":{"line":334,"column":4}}]},"5":{"line":362,"type":"if","locations":[{"start":{"line":362,"column":6},"end":{"line":362,"column":6}},{"start":{"line":362,"column":6},"end":{"line":362,"column":6}}]},"6":{"line":366,"type":"binary-expr","locations":[{"start":{"line":366,"column":23},"end":{"line":366,"column":26}},{"start":{"line":366,"column":30},"end":{"line":366,"column":74}}]},"7":{"line":418,"type":"if","locations":[{"start":{"line":418,"column":4},"end":{"line":418,"column":4}},{"start":{"line":418,"column":4},"end":{"line":418,"column":4}}]},"8":{"line":436,"type":"if","locations":[{"start":{"line":436,"column":4},"end":{"line":436,"column":4}},{"start":{"line":436,"column":4},"end":{"line":436,"column":4}}]},"9":{"line":461,"type":"if","locations":[{"start":{"line":461,"column":6},"end":{"line":461,"column":6}},{"start":{"line":461,"column":6},"end":{"line":461,"column":6}}]},"10":{"line":465,"type":"binary-expr","locations":[{"start":{"line":465,"column":23},"end":{"line":465,"column":26}},{"start":{"line":465,"column":30},"end":{"line":465,"column":74}}]},"11":{"line":501,"type":"cond-expr","locations":[{"start":{"line":501,"column":65},"end":{"line":501,"column":74}},{"start":{"line":501,"column":77},"end":{"line":501,"column":85}}]},"12":{"line":502,"type":"cond-expr","locations":[{"start":{"line":502,"column":65},"end":{"line":502,"column":74}},{"start":{"line":502,"column":77},"end":{"line":502,"column":85}}]},"13":{"line":503,"type":"cond-expr","locations":[{"start":{"line":503,"column":71},"end":{"line":503,"column":80}},{"start":{"line":503,"column":83},"end":{"line":503,"column":91}}]},"14":{"line":504,"type":"cond-expr","locations":[{"start":{"line":504,"column":79},"end":{"line":504,"column":88}},{"start":{"line":504,"column":91},"end":{"line":504,"column":99}}]},"15":{"line":505,"type":"cond-expr","locations":[{"start":{"line":505,"column":67},"end":{"line":505,"column":76}},{"start":{"line":505,"column":79},"end":{"line":505,"column":87}}]},"16":{"line":506,"type":"cond-expr","locations":[{"start":{"line":506,"column":75},"end":{"line":506,"column":84}},{"start":{"line":506,"column":87},"end":{"line":506,"column":95}}]}},"code":["","/*!"," * youtube"," * Copyright(c) 2011 LearnBoost <tj@learnboost.com>"," * MIT Licensed"," */","","/**"," * Module dependencies."," */","","var mime = require('mime')","  , EventEmitter = require('events').EventEmitter","  , parseUrl = require('url').parse","  , request = require('request')","  , http = require('http')","  , xml2js = require('xml2js')","  , qs = require('qs')","  , fs = require('fs');","","/**"," * Library version."," */","","exports.version = '0.1.0';","","/**"," * Expose `Upload`."," */","","exports.Upload = Upload;","","/**"," * Return embed HTML for the given youtube video `id`,"," * and `width` / `height` defaulting to 640x390."," *"," * @param {String} id"," * @param {Number} width"," * @param {Number} height"," * @return {String}"," * @api public"," */","","exports.embed = function(id, width, height){","  width = width || 640;","  height = height || 390;","  return '<object width=\"' + width + '\" height=\"' + height","    + '\"><param name=\"movie\" value=\"http://www.youtube.com/v/' + id","    + '&hl=en_US&feature=player_embedded&version=3\">'","    + '</param><param name=\"allowFullScreen\" value=\"true\">'","    + '</param><param name=\"allowScriptAccess\" value=\"always\">'","    + '</param><embed src=\"http://www.youtube.com/v/' + id","    + '&hl=en_US&feature=player_embedded&version=3\" type=\"application/x-shockwave-flash\"'","    + 'allowfullscreen=\"true\" allowScriptAccess=\"always\" width=\"' + width","    + '\" height=\"' + height + '\"></embed></object>';","};","","/**"," * Shortcut for `new Upload(path)`."," *"," * @param {String} path"," * @return {Upload}"," * @api public"," */","","exports.createUpload = function(path){","  return new Upload(path);","};","","/**"," * Initialize a new `Upload` with the given video `path` or id."," *"," * @param {String} path or id"," * @api public"," */","","function Upload(path) {","  this.meta = {};","  this.id = path;","  this.path = path;","  this.keywords([]);","  this.rate(true);","  this.comments(true);","  this.commentVoting(true);","  this.list(true);","  this.embed(true);","  this.syndicate(true);","}","","/**"," * Inherit from `EventEmitter.prototype`."," */","","Upload.prototype.__proto__ = EventEmitter.prototype;","","/**"," * Set the `user`."," *"," * @param {String} user"," * @return {Upload}"," * @api public"," */","","Upload.prototype.user = function(user){","  this._user = user;","  return this;","};","","/**"," * Set the `password`."," *"," * @param {String} password"," * @return {Upload}"," * @api public"," */","","Upload.prototype.password = function(password){","  this._password = password;","  return this;","};","","/**"," * Set the `source`."," *"," * @param {String} source"," * @return {Upload}"," * @api public"," */","","Upload.prototype.source = function(source){","  this._source = source;","  return this;","};","","/**"," * Set the video `title`."," *"," * @param {String} title"," * @return {Upload} for chaining"," * @api public"," */","","Upload.prototype.title = function(title){","  this.meta.title = title;","  return this;","};","","/**"," * Set developer `key`."," *"," * @param {String} key"," * @return {Upload} for chaining"," * @api public"," */","","Upload.prototype.key = function(key){","  this._key = key;","  return this;","};","","/**"," * Set the video `description`."," *"," * @param {String} description"," * @return {Upload} for chaining"," * @api public"," */","","Upload.prototype.description = function(description){","  this.meta.description = description;","  return this;","};","","/**"," * Set `category`."," *"," * @param {String} category"," * @return {Upload} for chaining"," * @api public"," */","","Upload.prototype.category = function(category){","  this.meta.category = category;","  return this;","};","","/**"," * Set keywords to `arr`."," *"," * @param {Array} arr"," * @return {Upload} for chaining"," * @api public"," */","","Upload.prototype.keywords = function(arr){","  this.meta.keywords = arr;","  return this;","};","","/**"," * Allow or deny video rating."," *"," * @return {Upload} for chaining"," * @api public"," */","","Upload.prototype.rate = function(allow){","  this.meta.rate = allow;","  return this;","};","","/**"," * Allow or disallow comments."," *"," * @return {Upload} for chaining"," * @api public"," */","","Upload.prototype.comments = function(allow){","  this.meta.comment = allow;","  return this;","};","","/**"," * Allow or disallow comment voting."," *"," * @return {Upload} for chaining"," * @api public"," */","","Upload.prototype.commentVoting = function(allow){","  this.meta.commentVote = allow;","  return this;","};","","/**"," * Allow or disallow embedding."," *"," * @return {Upload} for chaining"," * @api public"," */","","Upload.prototype.embed = function(allow){","  this.meta.embed = allow;","  return this;","};","","/**"," * Allow or disallow syndication."," *"," * @return {Upload} for chaining"," * @api public"," */","","Upload.prototype.syndicate = function(allow){","  this.meta.syndicate = allow;","  return this;","};","","/**"," * List or unlist the video."," *"," * @return {Upload} for chaining"," * @api public"," */","","Upload.prototype.list = function(allow){","  this.meta.list = allow;","  return this;","};","","/**"," * Get auth token, and invoke `fn(err, res)`."," *"," * @param {Function} fn"," * @return {Upload} for chaining"," * @api private"," */","","Upload.prototype.getAuth = function(fn){","  var options = {};","","  options.url = 'https://www.google.com/accounts/ClientLogin';","  options.headers = { 'Content-Type': 'application/x-www-form-urlencoded' };","","  options.body = qs.stringify({","      Email: this._user","    , Passwd: this._password","    , source: this._source","    , service: 'youtube'","  });","","  request.post(options, function(err, res, body){","    if (err) return fn(err);","    fn(null, parse(body));","  });","","  return this;","};","","/**"," * Upload the video and invoke `fn(err)`."," *"," * @param {Function} fn"," * @return {Upload} for chaining"," * @api private"," */","","Upload.prototype.uploadData = function(fn){","  var self = this","    , options = {}","    , auth = this.auth","    , path = this.path","    , boundary = 'keyboardcat'","    , tail = '\\r\\n--' + boundary + '--\\r\\n'","    , len = tail.length","    , key = this._key","    , user = this._user","    , body = '';","","  function buf(str) {","    body += str;","    len += Buffer.byteLength(str);","  }","","  var url = 'http://uploads.gdata.youtube.com/feeds/api/users/' + user + '/uploads';","","  url = parseUrl(url);","  options.method = 'POST';","  options.path = url.pathname;","  options.host = url.hostname;","","  fs.stat(path, function(err, stat){","    if (err) return fn(err);","    // xml","    buf('\\r\\n--' + boundary + '\\r\\n');","    buf('Content-Type: application/atom+xml; charset=UTF-8\\r\\n');","    buf('\\r\\n');","    buf(self.metadata());","","    // video","    len += stat.size;","    buf('\\r\\n--' + boundary + '\\r\\n');","    buf('Content-Type: video/webm\\r\\n');","    buf('Content-Transfer-Encoding: binary\\r\\n');","    buf('\\r\\n');","","    // header","    options.headers = {","        'Authorization': 'GoogleLogin auth=' + auth","      , 'GData-Version': '2'","      , 'X-GData-Key': 'key=' + key","      , 'Accept': 'text/plain'","      , 'Content-Type': 'multipart/related; boundary=' + boundary","      , 'Content-Length': len","      , 'Slug': path","    };","","    // make the request","    var req = http.request(options, function(res){","      // failed","      if (res.statusCode >= 400) {","        var buf = '';","        res.on('data', function(chunk){ buf += chunk; });","        res.on('end', function(){","          fn(new Error(buf || 'Status ' + res.statusCode + ' without body'));","        });","      // ok","      } else {","        self.parseXML(res, fn);","      }","    });","","    // stream the file part","    var stream = fs.createReadStream(path, { end: false });","    self.emit('stream', stream, stat.size);","    req.write(body);","    stream.on('end', function(){","      req.write(tail);","    }).pipe(req);","  });","","  return this;","};","","/**"," * Parse the XML `res`."," *"," * @param {IncomingMessage} res"," * @param {Function} fn"," * @api private"," */","","Upload.prototype.parseXML = function(res, fn){","  var parser = new xml2js.Parser;","  res.setEncoding('utf8');","  res.on('data', function(chunk){ parser.parseString(chunk); });","  parser.on('end', function(obj){","    obj.url = obj['media:group']['media:content']['@'].url;","    obj.id = obj['media:group']['yt:videoid'];","    obj.embed = function(width, height){","      return exports.embed(obj.id, width, height);","    };","    fn(null, obj);","  });","};","","/**"," * Upload and invoke `fn(err, info)`."," *"," * @param {Function}"," * @api public"," */","","Upload.prototype.upload = function(fn){","  var self = this;","  this.getAuth(function(err, res){","    if (err) return fn(err);","    self.auth = res.auth;","    self.uploadData(fn);","  });","  return this;","};","","/**"," * Delete the video and invoke `fn(err)`."," *"," * @param {Type} name"," * @return {Type}"," * @api public"," */","","Upload.prototype.destroy = function(fn){","  var self = this;","  this.getAuth(function(err, res){","    if (err) return fn(err);","    var options = {}","      , auth = res.auth","      , id = self.path","      , key = self._key","      , user = self._user","      , body = '';","","    var url = 'http://gdata.youtube.com/feeds/api/users/default/uploads/' + id;","","    url = parseUrl(url);","    options.method = 'DELETE';","    options.path = url.pathname;","    options.host = url.hostname;","","    options.headers = {","        'Authorization': 'GoogleLogin auth=' + auth","      , 'GData-Version': '2'","      , 'X-GData-Key': 'key=' + key","      , 'Accept': 'text/plain'","    };","","    // make the request","    var req = http.request(options, function(res){","      // failed","      if (res.statusCode >= 400) {","        var buf = '';","        res.on('data', function(chunk){ buf += chunk; });","        res.on('end', function(){","          fn(new Error(buf || 'Status ' + res.statusCode + ' without body'));","        });","      // ok","      } else {","        fn();","      }","    });","","    req.end();","  });","};","","/**"," * Generate XML meta-data."," *"," * @return {String}"," * @api public"," */","","Upload.prototype.metadata = function(){","  var meta = this.meta;","  return '<?xml version=\"1.0\"?>\\","  <entry xmlns=\"http://www.w3.org/2005/Atom\"\\","    xmlns:media=\"http://search.yahoo.com/mrss/\"\\","    xmlns:yt=\"http://gdata.youtube.com/schemas/2007\">\\","    <media:group>\\","      <media:title type=\"plain\">' + escape(meta.title) + '</media:title>\\","      <media:description type=\"plain\">' + escape(meta.description) + '</media:description>\\","      <media:category\\","        scheme=\"http://gdata.youtube.com/schemas/2007/categories.cat\">' + meta.category + '\\","      </media:category>\\","      <media:category\\","        scheme=\"http://gdata.youtube.com/schemas/2007/developertags.cat\">LearnBoost\\","      </media:category>\\","      <media:keywords>' + meta.keywords.join(', ') + '</media:keywords>\\","    </media:group>\\","    <yt:accessControl action=\"list\" permission=\"' + (meta.list ? 'allowed' : 'denied') + '\"/>\\","    <yt:accessControl action=\"rate\" permission=\"' + (meta.rate ? 'allowed' : 'denied') + '\"/>\\","    <yt:accessControl action=\"comment\" permission=\"' + (meta.comment ? 'allowed' : 'denied') + '\"/>\\","    <yt:accessControl action=\"commentVote\" permission=\"' + (meta.commentVote ? 'allowed' : 'denied') + '\"/>\\","    <yt:accessControl action=\"embed\" permission=\"' + (meta.embed ? 'allowed' : 'denied') + '\"/>\\","    <yt:accessControl action=\"syndicate\" permission=\"' + (meta.syndicate ? 'allowed' : 'denied') + '\"/>\\","  </entry>';","};","","/**"," * Parse googles weird x-www-form-urlencoded-ish response."," *"," * @param {String} body"," * @return {Object}"," * @api private"," */","","function parse(body) {","  return body.split('\\n').reduce(function(obj, str){","    var parts = str.split('=')","      , key = parts.shift()","      , val = parts.shift();","    obj[key.toLowerCase()] = val;","    return obj;","  }, {});","}","","/**"," * Escape special characters in the given string of html."," *"," * @param  {String} html"," * @return {String}"," * @api private"," */","","function escape(html) {","  return String(html)","    .replace(/&/g, '&amp;')","    .replace(/\"/g, '&quot;')","    .replace(/</g, '&lt;')","    .replace(/>/g, '&gt;');","};",""],"l":{"12":1,"25":1,"31":1,"44":1,"45":0,"46":0,"47":0,"66":1,"67":0,"77":1,"78":0,"79":0,"80":0,"81":0,"82":0,"83":0,"84":0,"85":0,"86":0,"87":0,"94":1,"104":1,"105":0,"106":0,"117":1,"118":0,"119":0,"130":1,"131":0,"132":0,"143":1,"144":0,"145":0,"156":1,"157":0,"158":0,"169":1,"170":0,"171":0,"182":1,"183":0,"184":0,"195":1,"196":0,"197":0,"207":1,"208":0,"209":0,"219":1,"220":0,"221":0,"231":1,"232":0,"233":0,"243":1,"244":0,"245":0,"255":1,"256":0,"257":0,"267":1,"268":0,"269":0,"280":1,"281":0,"283":0,"284":0,"286":0,"293":0,"294":0,"295":0,"298":0,"309":1,"310":0,"321":1,"322":0,"323":0,"326":0,"328":0,"329":0,"330":0,"331":0,"333":0,"334":0,"336":0,"337":0,"338":0,"339":0,"342":0,"343":0,"344":0,"345":0,"346":0,"349":0,"360":0,"362":0,"363":0,"364":0,"365":0,"366":0,"370":0,"375":0,"376":0,"377":0,"378":0,"379":0,"383":0,"394":1,"395":0,"396":0,"397":0,"398":0,"399":0,"400":0,"401":0,"402":0,"404":0,"415":1,"416":0,"417":0,"418":0,"419":0,"420":0,"422":0,"433":1,"434":0,"435":0,"436":0,"437":0,"444":0,"446":0,"447":0,"448":0,"449":0,"451":0,"459":0,"461":0,"462":0,"463":0,"464":0,"465":0,"469":0,"473":0,"484":1,"485":0,"486":0,"518":1,"519":0,"520":0,"523":0,"524":0,"536":1,"537":0}}}